 source_id           
 2794420351160369920 
 391754691605326208  
 2591201534008672256 
 2562742595373569280 
 400262334623022592  
 322751231629465088  
 2486571693976595840 
 114832620743735808  
 432824886875420672  
 5082316959788533632 
 4890851200382933504 
 151374198202645376  
 145213192171159552  
 144835853524677632  
 3154368194301157376 
 5207997014358306816 
 3169197926101007232 
 655945070648397952  
 658636881270083584  
 1021547495929308800 
 5682008056323530368 
 644054092909736704  
 793282937767646720  
 747803352976327808  
 5392573989820288768 
 3983739985613616640 
 4021528688432065536 
 1717517740469399168 
 6126849604569286400 
 4010489763488146816 
 1517742559375432704 
 3955958590956113024 
 1527848102028547840 
 3958436134250193664 
 6195316777737618688 
 3605654839180982528 
 1252399239310326528 
 1618378483547894272 
 6223582782147039360 
 1607481743497051008 
 3650384995128745472 
 6340820683358738944 
 1153173640662825088 
 1599235784245975296 
 1721485122019988608 
 1209432042883668480 
 4430386004235798528 
 1206502600310698880 
 4408406045241134080 
 4354279527345294336 
 4540481374832743040 
 2146691454170074368 
 6361974428084996992 
 4218450018378880512 
 1735245338242513536 
 6895483475907961216 
 2689746569318590720 
 1768695093298872832 
 6825495441925681920 
 2837047214379099904 
 2665079816223169664 
 2378678512023780864 
 2854333530032732928 
 2874607631095888256 

